[Eth]
NetworkId = 1
SyncMode = "full"
EthDiscoveryURLs = ["enrtree://AKA3AM6LPBYEUDMVNU3BSVQJ5AD45Y7YPOHJLEF6W26QOE4VTUDPE@all.mainnet.ethdisco.net"]
SnapDiscoveryURLs = ["enrtree://AKA3AM6LPBYEUDMVNU3BSVQJ5AD45Y7YPOHJLEF6W26QOE4VTUDPE@all.mainnet.ethdisco.net"]
NoPruning = false
NoPrefetch = false
LightPeers = 100
UltraLightFraction = 75
DatabaseCache = 512
DatabaseFreezer = ""
TrieCleanCache = 256
TrieCleanCacheJournal = "triecache"
TrieCleanCacheRejournal = 3600000000000
TrieDirtyCache = 256
TrieTimeout = 3600000000000
SnapshotCache = 0
Preimages = false
EnablePreimageRecording = false
RPCGasCap = 50000000
RPCEVMTimeout = 5000000000
RPCTxFeeCap = 1e+00

[Eth.Miner]
GasFloor = 0
GasCeil = 8000000
GasPrice = 1000000000
Recommit = 3000000000
Noverify = false

[Eth.Ethash]
CacheDir = "ethash"
CachesInMem = 2
CachesOnDisk = 3
CachesLockMmap = false
DatasetDir = "/Users/lihuazhang/Library/Ethash"
DatasetsInMem = 1
DatasetsOnDisk = 2
DatasetsLockMmap = false
PowMode = 0
NotifyFull = false

[Eth.TxPool]
Locals = []
NoLocals = false
Journal = "transactions.rlp"
Rejournal = 3600000000000
PriceLimit = 1
PriceBump = 10
AccountSlots = 16
GlobalSlots = 5120
AccountQueue = 64
GlobalQueue = 1024
Lifetime = 10800000000000

[Eth.GPO]
Blocks = 20
Percentile = 60
MaxHeaderHistory = 1024
MaxBlockHistory = 1024
MaxPrice = 500000000000
IgnorePrice = 2

[Node]
DataDir = "/Users/lihuazhang/Library/Wanchain"
IPCPath = "gwan.ipc"
HTTPHost = ""
HTTPPort = 8545
HTTPVirtualHosts = ["localhost"]
HTTPModules = ["net", "web3", "eth", "wan", "pos"]
WSHost = ""
WSPort = 8546
WSModules = ["net", "web3", "eth", "wan", "pos"]
GraphQLVirtualHosts = ["localhost"]

[Node.P2P]
MaxPeers = 50
NoDiscovery = false
BootstrapNodes = ["enode://9a0539d2777c33532b3450b88343266637daa93776126b580bfdabc2d7a566a553be68079e14a37d3803e5bdb65055c3ac9342b03f1939c4fb2e413ecbc102b1@52.24.132.78:17717", "enode://11c018f57c1c4dbb89f57832936dacf5f7ad677b33b86fbb9fe268d3c97126a625661e06e894896613edf5167e9e77867f9c0be8620e150ac6f2b92e5c0efc3d@52.41.157.63:17717", "enode://8980a56b1c1580080d2c1e96c9bbb2a9a50528cf18cbff82cc73bee1c8f3821fc65b098ac910a1a567153fd4cb7478b727f6ab0dd726afdbeec1f6b94cac4cd7@54.245.68.228:17717", "enode://0b324af8b1489202f09a48f582df6c42319041f1367d8d8d4363caa105b040b8ba73561e41691e40bfcd41e849b89b077beb38dfa188517e4e67b33dd115e4a4@35.162.114.208:17717", "enode://fc182f486efadf112cbb4a3e552e1f3f25811fa863352ee6b9ae3f1d9855b4018af47d55ea747d808a12159e9bbd7e7c74726cd8bc3dfe2dbb2b0a1d07a31578@54.148.77.52:17717", "enode://fdbdf600ed6eb35d177d0f971360ead71f21d20b31c8924d8d61fabf07fb720b60bb3d5ced5d85a30fce8815479c520a9cc9dcbf5416fff366ba24c37cb1b980@34.218.127.55:17717"]
BootstrapNodesV5 = ["enr:-KG4QOtcP9X1FbIMOe17QNMKqDxCpm14jcX5tiOE4_TyMrFqbmhPZHK_ZPG2Gxb1GE2xdtodOfx9-cgvNtxnRyHEmC0ghGV0aDKQ9aX9QgAAAAD__________4JpZIJ2NIJpcIQDE8KdiXNlY3AyNTZrMaEDhpehBDbZjM_L9ek699Y7vhUJ-eAdMyQW_Fil522Y0fODdGNwgiMog3VkcIIjKA", "enr:-KG4QDyytgmE4f7AnvW-ZaUOIi9i79qX4JwjRAiXBZCU65wOfBu-3Nb5I7b_Rmg3KCOcZM_C3y5pg7EBU5XGrcLTduQEhGV0aDKQ9aX9QgAAAAD__________4JpZIJ2NIJpcIQ2_DUbiXNlY3AyNTZrMaEDKnz_-ps3UUOfHWVYaskI5kWYO_vtYMGYCQRAR3gHDouDdGNwgiMog3VkcIIjKA", "enr:-Ku4QImhMc1z8yCiNJ1TyUxdcfNucje3BGwEHzodEZUan8PherEo4sF7pPHPSIB1NNuSg5fZy7qFsjmUKs2ea1Whi0EBh2F0dG5ldHOIAAAAAAAAAACEZXRoMpD1pf1CAAAAAP__________gmlkgnY0gmlwhBLf22SJc2VjcDI1NmsxoQOVphkDqal4QzPMksc5wnpuC3gvSC8AfbFOnZY_On34wIN1ZHCCIyg", "enr:-Ku4QP2xDnEtUXIjzJ_DhlCRN9SN99RYQPJL92TMlSv7U5C1YnYLjwOQHgZIUXw6c-BvRg2Yc2QsZxxoS_pPRVe0yK8Bh2F0dG5ldHOIAAAAAAAAAACEZXRoMpD1pf1CAAAAAP__________gmlkgnY0gmlwhBLf22SJc2VjcDI1NmsxoQMeFF5GrS7UZpAH2Ly84aLK-TyvH-dRo0JM1i8yygH50YN1ZHCCJxA", "enr:-Ku4QPp9z1W4tAO8Ber_NQierYaOStqhDqQdOPY3bB3jDgkjcbk6YrEnVYIiCBbTxuar3CzS528d2iE7TdJsrL-dEKoBh2F0dG5ldHOIAAAAAAAAAACEZXRoMpD1pf1CAAAAAP__________gmlkgnY0gmlwhBLf22SJc2VjcDI1NmsxoQMw5fqqkw2hHC4F5HZZDPsNmPdB1Gi8JPQK7pRc9XHh-oN1ZHCCKvg", "enr:-IS4QLkKqDMy_ExrpOEWa59NiClemOnor-krjp4qoeZwIw2QduPC-q7Kz4u1IOWf3DDbdxqQIgC4fejavBOuUPy-HE4BgmlkgnY0gmlwhCLzAHqJc2VjcDI1NmsxoQLQSJfEAHZApkm5edTCZ_4qps_1k_ub2CxHFxi-gr2JMIN1ZHCCIyg", "enr:-IS4QDAyibHCzYZmIYZCjXwU9BqpotWmv2BsFlIq1V31BwDDMJPFEbox1ijT5c2Ou3kvieOKejxuaCqIcjxBjJ_3j_cBgmlkgnY0gmlwhAMaHiCJc2VjcDI1NmsxoQJIdpj_foZ02MXz4It8xKD7yUHTBx7lVFn3oeRP21KRV4N1ZHCCIyg", "enr:-Ku4QHqVeJ8PPICcWk1vSn_XcSkjOkNiTg6Fmii5j6vUQgvzMc9L1goFnLKgXqBJspJjIsB91LTOleFmyWWrFVATGngBh2F0dG5ldHOIAAAAAAAAAACEZXRoMpC1MD8qAAAAAP__________gmlkgnY0gmlwhAMRHkWJc2VjcDI1NmsxoQKLVXFOhp2uX6jeT0DvvDpPcU8FWMjQdR4wMuORMhpX24N1ZHCCIyg", "enr:-Ku4QG-2_Md3sZIAUebGYT6g0SMskIml77l6yR-M_JXc-UdNHCmHQeOiMLbylPejyJsdAPsTHJyjJB2sYGDLe0dn8uYBh2F0dG5ldHOIAAAAAAAAAACEZXRoMpC1MD8qAAAAAP__________gmlkgnY0gmlwhBLY-NyJc2VjcDI1NmsxoQORcM6e19T1T9gi7jxEZjk_sjVLGFscUNqAY9obgZaxbIN1ZHCCIyg", "enr:-Ku4QPn5eVhcoF1opaFEvg1b6JNFD2rqVkHQ8HApOKK61OIcIXD127bKWgAtbwI7pnxx6cDyk_nI88TrZKQaGMZj0q0Bh2F0dG5ldHOIAAAAAAAAAACEZXRoMpC1MD8qAAAAAP__________gmlkgnY0gmlwhDayLMaJc2VjcDI1NmsxoQK2sBOLGcUb4AwuYzFuAVCaNHA-dy24UuEKkeFNgCVCsIN1ZHCCIyg", "enr:-Ku4QEWzdnVtXc2Q0ZVigfCGggOVB2Vc1ZCPEc6j21NIFLODSJbvNaef1g4PxhPwl_3kax86YPheFUSLXPRs98vvYsoBh2F0dG5ldHOIAAAAAAAAAACEZXRoMpC1MD8qAAAAAP__________gmlkgnY0gmlwhDZBrP2Jc2VjcDI1NmsxoQM6jr8Rb1ktLEsVcKAPa08wCsKUmvoQ8khiOl_SLozf9IN1ZHCCIyg"]
StaticNodes = []
TrustedNodes = []
ListenAddr = ":17717"
EnableMsgEvents = false

[Node.HTTPTimeouts]
ReadTimeout = 30000000000
WriteTimeout = 30000000000
IdleTimeout = 120000000000

[Metrics]
HTTP = "127.0.0.1"
Port = 6060
InfluxDBEndpoint = "http://localhost:8086"
InfluxDBDatabase = "geth"
InfluxDBUsername = "test"
InfluxDBPassword = "test"
InfluxDBTags = "host=localhost"
InfluxDBToken = "test"
InfluxDBBucket = "geth"
InfluxDBOrganization = "geth"
